<?xml version="1.0" encoding="UTF-8"?>
<!-- Generated by org.testng.reporters.JUnitReportReporter -->
<testsuite skipped="0" hostname="EQ-EQ6330754" name="themis.Util.AutoGenerateMail" tests="1" failures="0" timestamp="20 Apr 2020 11:50:22 GMT" time="94.911" errors="0">
  <testcase name="GenerateMail" time="94.911" classname="themis.Util.AutoGenerateMail"/>
</testsuite> <!-- themis.Util.AutoGenerateMail -->
