<?xml version="1.0" encoding="UTF-8"?>
<!-- Generated by org.testng.reporters.JUnitReportReporter -->
<testsuite skipped="0" hostname="EQ-EQ6330754" name="TestCases.ISTrackOrderProcessingTextCase" tests="8" failures="0" timestamp="20 Apr 2020 11:50:22 GMT" time="1532.437" errors="0">
  <testcase name="newCaseGeneration" time="203.948" classname="TestCases.ISTrackOrderProcessingTextCase"/>
  <testcase name="checkManageStatusInGold" time="151.265" classname="TestCases.ISTrackOrderProcessingTextCase"/>
  <testcase name="taskCompletion" time="770.054" classname="TestCases.ISTrackOrderProcessingTextCase"/>
  <testcase name="checkRFS_RFBAndSRTMessageCheck" time="133.883" classname="TestCases.ISTrackOrderProcessingTextCase"/>
  <testcase name="billingAssignment" time="68.400" classname="TestCases.ISTrackOrderProcessingTextCase"/>
  <testcase name="billingERS" time="48.058" classname="TestCases.ISTrackOrderProcessingTextCase"/>
  <testcase name="checkTaskcompletion" time="70.788" classname="TestCases.ISTrackOrderProcessingTextCase"/>
  <testcase name="checkGoldOrderAcceptanceStatus" time="86.041" classname="TestCases.ISTrackOrderProcessingTextCase"/>
</testsuite> <!-- TestCases.ISTrackOrderProcessingTextCase -->
