<?xml version="1.0" encoding="UTF-8"?>
<!-- Generated by org.testng.reporters.JUnitReportReporter -->
<testsuite skipped="2" hostname="DESKTOP-LSREHHM" name="TestCases.BVPNCorporateCPELiteCreationOrderTestCase" tests="2" failures="0" timestamp="30 Apr 2022 06:15:21 GMT" time="0.000" errors="0">
  <testcase name="createGoldOrderCorporate" time="0.000" classname="TestCases.BVPNCorporateCPELiteCreationOrderTestCase">
    <skipped/>
  </testcase> <!-- createGoldOrderCorporate -->
  <testcase name="taskCompletionBVPNCorporate" time="0.000" classname="TestCases.BVPNCorporateCPELiteCreationOrderTestCase">
    <skipped/>
  </testcase> <!-- taskCompletionBVPNCorporate -->
</testsuite> <!-- TestCases.BVPNCorporateCPELiteCreationOrderTestCase -->
