<?xml version="1.0" encoding="UTF-8"?>
<!-- Generated by org.testng.reporters.JUnitReportReporter -->
<testsuite skipped="0" hostname="EQ-EQ6330754" name="TestCases.BVPNOffnetCreationOrderSaltoStagingEnvTestCase" tests="1" failures="0" timestamp="16 Jun 2020 12:04:26 GMT" time="125.924" errors="0">
  <testcase name="CaseCompletion" time="125.924" classname="TestCases.BVPNOffnetCreationOrderSaltoStagingEnvTestCase"/>
</testsuite> <!-- TestCases.BVPNOffnetCreationOrderSaltoStagingEnvTestCase -->
