<?xml version="1.0" encoding="UTF-8"?>
<!-- Generated by org.testng.reporters.JUnitReportReporter -->
<testsuite skipped="0" hostname="EQ-EQ6330754" name="TestCases.GoldOrderPageTestCase" tests="2" failures="0" timestamp="20 Apr 2020 11:50:22 GMT" time="657.775" errors="0">
  <testcase name="clickOnOrdersLink" time="17.426" classname="TestCases.GoldOrderPageTestCase"/>
  <testcase name="createGoldOrder" time="640.349" classname="TestCases.GoldOrderPageTestCase"/>
</testsuite> <!-- TestCases.GoldOrderPageTestCase -->
