<?xml version="1.0" encoding="UTF-8"?>
<!-- Generated by org.testng.reporters.JUnitReportReporter -->
<testsuite skipped="2" hostname="EQ-EQ6330754" name="TestCases.BVPNCorporateNVLANP2MPCreationOrderTestCase" tests="2" failures="0" timestamp="03 Feb 2021 13:15:12 GMT" time="0.000" errors="0">
  <testcase name="createGoldOrderCorporate" time="0.000" classname="TestCases.BVPNCorporateNVLANP2MPCreationOrderTestCase">
    <skipped/>
  </testcase> <!-- createGoldOrderCorporate -->
  <testcase name="taskCompletionBVPNCorporate" time="0.000" classname="TestCases.BVPNCorporateNVLANP2MPCreationOrderTestCase">
    <skipped/>
  </testcase> <!-- taskCompletionBVPNCorporate -->
</testsuite> <!-- TestCases.BVPNCorporateNVLANP2MPCreationOrderTestCase -->
