<?xml version="1.0" encoding="UTF-8"?>
<!-- Generated by org.testng.reporters.JUnitReportReporter -->
<testsuite skipped="4" hostname="EQ-EQ6330754" name="TestCases.GoldOrderCreationOffnetTestCase" tests="4" failures="0" timestamp="23 Jul 2020 05:16:56 GMT" time="0.000" errors="0">
  <testcase name="CopyGoldOrderOffnet" time="0.000" classname="TestCases.GoldOrderCreationOffnetTestCase">
    <skipped/>
  </testcase> <!-- CopyGoldOrderOffnet -->
  <testcase name="CopyGoldOrderOffnet" time="0.000" classname="TestCases.GoldOrderCreationOffnetTestCase">
    <skipped/>
  </testcase> <!-- CopyGoldOrderOffnet -->
  <testcase name="createNewGoldOrder" time="0.000" classname="TestCases.GoldOrderCreationOffnetTestCase">
    <skipped/>
  </testcase> <!-- createNewGoldOrder -->
  <testcase name="createNewGoldOrder" time="0.000" classname="TestCases.GoldOrderCreationOffnetTestCase">
    <skipped/>
  </testcase> <!-- createNewGoldOrder -->
</testsuite> <!-- TestCases.GoldOrderCreationOffnetTestCase -->
